<?xml version="1.0" encoding="UTF-8"?>
<!-- Generated by org.testng.reporters.JUnitXMLReporter -->
<testsuite ignored="0" hostname="DESKTOP-HT3PLU5" failures="1" tests="36" name="Test" time="68.038" errors="0" timestamp="2023-06-07T11:52:20 IST">
  <testcase classname="Testcases.TC5_Login_Logout" name="@BeforeTest beforeMethod" time="6.686">
    <failure type="org.openqa.selenium.SessionNotCreatedException" message="Could not start a new session. Response code 500. Message: session not created
from no such execution context: loader has changed while resolving nodes
  (Session info: chrome=114.0.5735.110) 
Host info: host: &amp;apos;DESKTOP-HT3PLU5&amp;apos;, ip: &amp;apos;192.168.1.75&amp;apos;
Build info: version: &amp;apos;4.8.3&amp;apos;, revision: &amp;apos;e5e76298c3&amp;apos;
System info: os.name: &amp;apos;Windows 10&amp;apos;, os.arch: &amp;apos;amd64&amp;apos;, os.version: &amp;apos;10.0&amp;apos;, java.version: &amp;apos;18.0.1.1&amp;apos;
Driver info: org.openqa.selenium.chrome.ChromeDriver
Command: [null, newSession {capabilities=[Capabilities {browserName: chrome, goog:chromeOptions: {args: [--remote-allow-origins=*], extensions: []}}], desiredCapabilities=Capabilities {browserName: chrome, goog:chromeOptions: {args: [--remote-allow-origins=*], extensions: []}}}]">
      <![CDATA[org.openqa.selenium.SessionNotCreatedException: Could not start a new session. Response code 500. Message: session not created
from no such execution context: loader has changed while resolving nodes
  (Session info: chrome=114.0.5735.110) 
Host info: host: 'DESKTOP-HT3PLU5', ip: '192.168.1.75'
Build info: version: '4.8.3', revision: 'e5e76298c3'
System info: os.name: 'Windows 10', os.arch: 'amd64', os.version: '10.0', java.version: '18.0.1.1'
Driver info: org.openqa.selenium.chrome.ChromeDriver
Command: [null, newSession {capabilities=[Capabilities {browserName: chrome, goog:chromeOptions: {args: [--remote-allow-origins=*], extensions: []}}], desiredCapabilities=Capabilities {browserName: chrome, goog:chromeOptions: {args: [--remote-allow-origins=*], extensions: []}}}]
at org.openqa.selenium.remote.ProtocolHandshake.createSession(ProtocolHandshake.java:148)
at org.openqa.selenium.remote.ProtocolHandshake.createSession(ProtocolHandshake.java:106)
at org.openqa.selenium.remote.ProtocolHandshake.createSession(ProtocolHandshake.java:67)
at org.openqa.selenium.remote.HttpCommandExecutor.execute(HttpCommandExecutor.java:165)
at org.openqa.selenium.remote.service.DriverCommandExecutor.invokeExecute(DriverCommandExecutor.java:183)
at org.openqa.selenium.remote.service.DriverCommandExecutor.execute(DriverCommandExecutor.java:158)
at org.openqa.selenium.remote.RemoteWebDriver.execute(RemoteWebDriver.java:543)
at org.openqa.selenium.remote.RemoteWebDriver.startSession(RemoteWebDriver.java:229)
at org.openqa.selenium.remote.RemoteWebDriver.<init>(RemoteWebDriver.java:157)
at org.openqa.selenium.chromium.ChromiumDriver.<init>(ChromiumDriver.java:101)
at org.openqa.selenium.chrome.ChromeDriver.<init>(ChromeDriver.java:88)
at org.openqa.selenium.chrome.ChromeDriver.<init>(ChromeDriver.java:84)
at org.openqa.selenium.chrome.ChromeDriver.<init>(ChromeDriver.java:73)
at Base.Config.launch_Browser(Config.java:28)
at Testcases.TC5_Login_Logout.beforeMethod(TC5_Login_Logout.java:27)
... Removed 22 stack frames]]>
    </failure>
  </testcase> <!-- @BeforeTest beforeMethod -->
  <testcase classname="Testcases.TC6_Check_Leavepage_options" name="@BeforeTest BeforeTest" time="-1.686118937232E9">
    <skipped/>
  </testcase> <!-- @BeforeTest BeforeTest -->
  <testcase classname="Testcases.TC1_Check_Valid_Login" name="@AfterTest afterTest" time="-1.686118940035E9">
    <skipped/>
  </testcase> <!-- @AfterTest afterTest -->
  <testcase classname="Testcases.TC2_Check_ForgotPassword" name="@AfterTest afterSuite" time="-1.686118940036E9">
    <skipped/>
  </testcase> <!-- @AfterTest afterSuite -->
  <testcase classname="Testcases.TC3_Check_Login_Multipleuser" name="@AfterTest afterSuite" time="-1.686118940039E9">
    <skipped/>
  </testcase> <!-- @AfterTest afterSuite -->
  <testcase classname="Testcases.TC4_OrangeHome_CheckLeftPane" name="@AfterTest afterMethod" time="-1.686118940041E9">
    <skipped/>
  </testcase> <!-- @AfterTest afterMethod -->
  <testcase classname="Testcases.TC5_Login_Logout" name="@AfterTest afterMethod" time="-1.686118940086E9">
    <skipped/>
  </testcase> <!-- @AfterTest afterMethod -->
  <testcase classname="Testcases.TC6_Check_Leavepage_options" name="@AfterTest AFterTest" time="-1.686118940087E9">
    <skipped/>
  </testcase> <!-- @AfterTest AFterTest -->
  <testcase classname="Testcases.TC4_OrangeHome_CheckLeftPane" name="Timecheck" time="0.045">
    <failure type="java.lang.NullPointerException" message="Cannot invoke &amp;quot;com.relevantcodes.extentreports.ExtentTest.log(com.relevantcodes.extentreports.LogStatus, String)&amp;quot; because &amp;quot;Utility.ExtentReportManager.test&amp;quot; is null">
      <![CDATA[java.lang.NullPointerException: Cannot invoke "com.relevantcodes.extentreports.ExtentTest.log(com.relevantcodes.extentreports.LogStatus, String)" because "Utility.ExtentReportManager.test" is null
at Utility.ExtentReportManager.afterEachtest(ExtentReportManager.java:40)
at Utility.ListenersDefiniClass.onTestSkipped(ListenersDefiniClass.java:57)
at java.base/java.util.ArrayList.forEach(ArrayList.java:1511)
... Removed 25 stack frames]]>
    </failure>
  </testcase> <!-- Timecheck -->
  <testcase classname="Testcases.TC4_OrangeHome_CheckLeftPane" name="Admincheck" time="0.0">
    <skipped/>
  </testcase> <!-- Admincheck -->
  <testcase classname="Testcases.TC4_OrangeHome_CheckLeftPane" name="Dashboardcheck" time="0.0">
    <skipped/>
  </testcase> <!-- Dashboardcheck -->
  <testcase classname="Testcases.TC4_OrangeHome_CheckLeftPane" name="Directorycheck" time="0.0">
    <skipped/>
  </testcase> <!-- Directorycheck -->
  <testcase classname="Testcases.TC4_OrangeHome_CheckLeftPane" name="Leavecheck" time="0.0">
    <skipped/>
  </testcase> <!-- Leavecheck -->
  <testcase classname="Testcases.TC4_OrangeHome_CheckLeftPane" name="MyInfocheck" time="0.0">
    <skipped/>
  </testcase> <!-- MyInfocheck -->
  <testcase classname="Testcases.TC4_OrangeHome_CheckLeftPane" name="PIMcheck" time="0.0">
    <skipped/>
  </testcase> <!-- PIMcheck -->
  <testcase classname="Testcases.TC4_OrangeHome_CheckLeftPane" name="Performancecheck" time="0.0">
    <skipped/>
  </testcase> <!-- Performancecheck -->
  <testcase classname="Testcases.TC4_OrangeHome_CheckLeftPane" name="Recruitmentcheck" time="0.0">
    <skipped/>
  </testcase> <!-- Recruitmentcheck -->
  <testcase classname="Testcases.TC4_OrangeHome_CheckLeftPane" name="Searchcheck" time="0.0">
    <skipped/>
  </testcase> <!-- Searchcheck -->
  <testcase classname="Testcases.TC4_OrangeHome_CheckLeftPane" name="Questioncheck" time="0.0">
    <skipped/>
  </testcase> <!-- Questioncheck -->
  <testcase classname="Testcases.TC4_OrangeHome_CheckLeftPane" name="Maintenancecheck" time="0.0">
    <skipped/>
  </testcase> <!-- Maintenancecheck -->
  <testcase classname="Testcases.TC1_Check_Valid_Login" name="Login" time="0.0">
    <skipped/>
  </testcase> <!-- Login -->
  <testcase classname="Testcases.TC2_Check_ForgotPassword" name="forgotpassworddisplay" time="0.0">
    <skipped/>
  </testcase> <!-- forgotpassworddisplay -->
  <testcase classname="Testcases.TC3_Check_Login_Multipleuser" name="Login_multipleuser" time="0.0">
    <skipped/>
  </testcase> <!-- Login_multipleuser -->
  <testcase classname="Testcases.TC3_Check_Login_Multipleuser" name="Login_multipleuser" time="0.0">
    <skipped/>
  </testcase> <!-- Login_multipleuser -->
  <testcase classname="Testcases.TC3_Check_Login_Multipleuser" name="Login_multipleuser" time="0.0">
    <skipped/>
  </testcase> <!-- Login_multipleuser -->
  <testcase classname="Testcases.TC3_Check_Login_Multipleuser" name="Login_multipleuser" time="0.0">
    <skipped/>
  </testcase> <!-- Login_multipleuser -->
  <testcase classname="Testcases.TC3_Check_Login_Multipleuser" name="Login_multipleuser" time="0.0">
    <skipped/>
  </testcase> <!-- Login_multipleuser -->
  <testcase classname="Testcases.TC6_Check_Leavepage_options" name="AssignLeaveCheck" time="0.0">
    <skipped/>
  </testcase> <!-- AssignLeaveCheck -->
  <testcase classname="Testcases.TC6_Check_Leavepage_options" name="CheckApplyTabCheck" time="0.0">
    <skipped/>
  </testcase> <!-- CheckApplyTabCheck -->
  <testcase classname="Testcases.TC6_Check_Leavepage_options" name="ConfigureCheck" time="0.0">
    <skipped/>
  </testcase> <!-- ConfigureCheck -->
  <testcase classname="Testcases.TC6_Check_Leavepage_options" name="ConfigureHolidaysCheck" time="0.0">
    <skipped/>
  </testcase> <!-- ConfigureHolidaysCheck -->
  <testcase classname="Testcases.TC6_Check_Leavepage_options" name="ConfigureLeavePeriodCheck" time="0.0">
    <skipped/>
  </testcase> <!-- ConfigureLeavePeriodCheck -->
  <testcase classname="Testcases.TC6_Check_Leavepage_options" name="ConfigureLeaveTypesCheck" time="0.0">
    <skipped/>
  </testcase> <!-- ConfigureLeaveTypesCheck -->
  <testcase classname="Testcases.TC6_Check_Leavepage_options" name="ConfigureWorkWeekCheck" time="0.0">
    <skipped/>
  </testcase> <!-- ConfigureWorkWeekCheck -->
  <testcase classname="Testcases.TC6_Check_Leavepage_options" name="EntitlementsTabCheck" time="0.001">
    <skipped/>
  </testcase> <!-- EntitlementsTabCheck -->
  <testcase classname="Testcases.TC6_Check_Leavepage_options" name="AddEntitlementsTabCheck" time="0.0">
    <skipped/>
  </testcase> <!-- AddEntitlementsTabCheck -->
  <testcase classname="Testcases.TC6_Check_Leavepage_options" name="EmployementEntitlementsTabCheck" time="0.0">
    <skipped/>
  </testcase> <!-- EmployementEntitlementsTabCheck -->
  <testcase classname="Testcases.TC6_Check_Leavepage_options" name="LeaveListCheck" time="0.0">
    <skipped/>
  </testcase> <!-- LeaveListCheck -->
  <testcase classname="Testcases.TC6_Check_Leavepage_options" name="MyEntitlementsTabCheck" time="0.0">
    <skipped/>
  </testcase> <!-- MyEntitlementsTabCheck -->
  <testcase classname="Testcases.TC6_Check_Leavepage_options" name="MyLeaveTabCheck" time="0.0">
    <skipped/>
  </testcase> <!-- MyLeaveTabCheck -->
  <testcase classname="Testcases.TC6_Check_Leavepage_options" name="ReportTabCheck" time="0.0">
    <skipped/>
  </testcase> <!-- ReportTabCheck -->
  <testcase classname="Testcases.TC6_Check_Leavepage_options" name="LeaveEntitlementsUsageReportCheck" time="0.002">
    <skipped/>
  </testcase> <!-- LeaveEntitlementsUsageReportCheck -->
  <testcase classname="Testcases.TC6_Check_Leavepage_options" name="MyLeaveEntitlementsUsageReportCheck" time="0.0">
    <skipped/>
  </testcase> <!-- MyLeaveEntitlementsUsageReportCheck -->
  <testcase classname="Testcases.TC5_Login_Logout" name="Login_Logout" time="0.0">
    <skipped/>
  </testcase> <!-- Login_Logout -->
</testsuite> <!-- Test -->
